Using pre-set license
Built from '2022.3/staging' branch; Version is '2022.3.10f1 (ff3792e53c62) revision 16725906'; Using compiler version '192829333'; Build Type 'Release'
OS: 'Windows 11  (10.0.27686) 64bit CoreSingleLanguage' Language: 'en' Physical Memory: 15789 MB
BatchMode: 1, IsHumanControllingUs: 0, StartBugReporterOnCrash: 0, Is64bit: 1, IsPro: 1

COMMAND LINE ARGUMENTS:
C:\Program Files\Unity\Hub\Editor\2022.3.10f1\Editor\Unity.exe
-adb2
-batchMode
-noUpm
-name
AssetImportWorker0
-projectPath
E:/Multiplayer_VR/Multiplayer_VR
-logFile
Logs/AssetImportWorker0.log
-srvPort
49890
Successfully changed project path to: E:/Multiplayer_VR/Multiplayer_VR
E:/Multiplayer_VR/Multiplayer_VR
[UnityMemory] Configuration Parameters - Can be set up in boot.config
    "memorysetup-bucket-allocator-granularity=16"
    "memorysetup-bucket-allocator-bucket-count=8"
    "memorysetup-bucket-allocator-block-size=33554432"
    "memorysetup-bucket-allocator-block-count=8"
    "memorysetup-main-allocator-block-size=16777216"
    "memorysetup-thread-allocator-block-size=16777216"
    "memorysetup-gfx-main-allocator-block-size=16777216"
    "memorysetup-gfx-thread-allocator-block-size=16777216"
    "memorysetup-cache-allocator-block-size=4194304"
    "memorysetup-typetree-allocator-block-size=2097152"
    "memorysetup-profiler-bucket-allocator-granularity=16"
    "memorysetup-profiler-bucket-allocator-bucket-count=8"
    "memorysetup-profiler-bucket-allocator-block-size=33554432"
    "memorysetup-profiler-bucket-allocator-block-count=8"
    "memorysetup-profiler-allocator-block-size=16777216"
    "memorysetup-profiler-editor-allocator-block-size=1048576"
    "memorysetup-temp-allocator-size-main=16777216"
    "memorysetup-job-temp-allocator-block-size=2097152"
    "memorysetup-job-temp-allocator-block-size-background=1048576"
    "memorysetup-job-temp-allocator-reduction-small-platforms=262144"
    "memorysetup-allocator-temp-initial-block-size-main=262144"
    "memorysetup-allocator-temp-initial-block-size-worker=262144"
    "memorysetup-temp-allocator-size-background-worker=32768"
    "memorysetup-temp-allocator-size-job-worker=262144"
    "memorysetup-temp-allocator-size-preload-manager=33554432"
    "memorysetup-temp-allocator-size-nav-mesh-worker=65536"
    "memorysetup-temp-allocator-size-audio-worker=65536"
    "memorysetup-temp-allocator-size-cloud-worker=32768"
    "memorysetup-temp-allocator-size-gi-baking-worker=262144"
    "memorysetup-temp-allocator-size-gfx=262144"
Player connection [27392] Host "[IP] 192.168.0.100 [Port] 0 [Flags] 2 [Guid] 1721702047 [EditorId] 1721702047 [Version] 1048832 [Id] WindowsEditor(7,LAPTOP-IADSMOJU) [Debug] 1 [PackageName] WindowsEditor [ProjectName] Editor" joined multi-casting on [225.0.0.222:54997]...

Player connection [27392] Host "[IP] 192.168.0.100 [Port] 0 [Flags] 2 [Guid] 1721702047 [EditorId] 1721702047 [Version] 1048832 [Id] WindowsEditor(7,LAPTOP-IADSMOJU) [Debug] 1 [PackageName] WindowsEditor [ProjectName] Editor" joined alternative multi-casting on [225.0.0.222:34997]...

[Physics::Module] Initialized MultithreadedJobDispatcher with 15 workers.
Refreshing native plugins compatible for Editor in 75.41 ms, found 13 plugins.
Preloading 1 native plugins for Editor in 1.49 ms.
Initialize engine version: 2022.3.10f1 (ff3792e53c62)
[Subsystems] Discovering subsystems at path C:/Program Files/Unity/Hub/Editor/2022.3.10f1/Editor/Data/Resources/UnitySubsystems
[Subsystems] Discovering subsystems at path E:/Multiplayer_VR/Multiplayer_VR/Assets
GfxDevice: creating device client; threaded=0; jobified=0
Direct3D:
    Version:  Direct3D 11.0 [level 11.1]
    Renderer: NVIDIA GeForce GTX 1660 Ti with Max-Q Design (ID=0x2191)
    Vendor:   NVIDIA
    VRAM:     5966 MB
    Driver:   32.0.15.5597
Initialize mono
Mono path[0] = 'C:/Program Files/Unity/Hub/Editor/2022.3.10f1/Editor/Data/Managed'
Mono path[1] = 'C:/Program Files/Unity/Hub/Editor/2022.3.10f1/Editor/Data/MonoBleedingEdge/lib/mono/unityjit-win32'
Mono config path = 'C:/Program Files/Unity/Hub/Editor/2022.3.10f1/Editor/Data/MonoBleedingEdge/etc'
Using monoOptions --debugger-agent=transport=dt_socket,embedding=1,server=y,suspend=n,address=127.0.0.1:56164
Begin MonoManager ReloadAssembly
Registering precompiled unity dll's ...
Register platform support module: C:/Program Files/Unity/Hub/Editor/2022.3.10f1/Editor/Data/PlaybackEngines/AndroidPlayer/UnityEditor.Android.Extensions.dll
Register platform support module: C:/Program Files/Unity/Hub/Editor/2022.3.10f1/Editor/Data/PlaybackEngines/WindowsStandaloneSupport/UnityEditor.WindowsStandalone.Extensions.dll
Registered in 0.023373 seconds.
- Loaded All Assemblies, in  0.904 seconds
Native extension for WindowsStandalone target not found
Native extension for Android target not found
Android Extension - Scanning For ADB Devices 763 ms
Mono: successfully reloaded assembly
- Finished resetting the current domain, in  1.533 seconds
Domain Reload Profiling: 2430ms
	BeginReloadAssembly (258ms)
		ExecutionOrderSort (0ms)
		DisableScriptedObjects (0ms)
		BackupInstance (0ms)
		ReleaseScriptingObjects (0ms)
		CreateAndSetChildDomain (1ms)
	RebuildCommonClasses (74ms)
	RebuildNativeTypeToScriptingClass (25ms)
	initialDomainReloadingComplete (139ms)
	LoadAllAssembliesAndSetupDomain (401ms)
		LoadAssemblies (255ms)
		RebuildTransferFunctionScriptingTraits (0ms)
		AnalyzeDomain (395ms)
			TypeCache.Refresh (391ms)
				TypeCache.ScanAssembly (359ms)
			ScanForSourceGeneratedMonoScriptInfo (1ms)
			ResolveRequiredComponents (1ms)
	FinalizeReload (1534ms)
		ReleaseScriptCaches (0ms)
		RebuildScriptCaches (0ms)
		SetupLoadedEditorAssemblies (1383ms)
			LogAssemblyErrors (0ms)
			InitializePlatformSupportModulesInManaged (1006ms)
			SetLoadedEditorAssemblies (7ms)
			RefreshPlugins (0ms)
			BeforeProcessingInitializeOnLoad (4ms)
			ProcessInitializeOnLoadAttributes (235ms)
			ProcessInitializeOnLoadMethodAttributes (131ms)
			AfterProcessingInitializeOnLoad (0ms)
			EditorAssembliesLoaded (0ms)
		ExecutionOrderSort2 (0ms)
		AwakeInstancesAfterBackupRestoration (0ms)
========================================================================
Worker process is ready to serve import requests
Begin MonoManager ReloadAssembly
- Loaded All Assemblies, in  2.389 seconds
Refreshing native plugins compatible for Editor in 42.13 ms, found 13 plugins.
Native extension for WindowsStandalone target not found
Native extension for Android target not found
Package Manager log level set to [2]
[Package Manager] Server::EnsureServerProcessIsRunning -- launch failed, reason: Unity was launched with the -noUpm command-line argument
[Package Manager] UpmClient::Send -- Unable to send message (not connected to UPM process).
[Package Manager] Cannot connect to Unity Package Manager local server
[Package Manager] Server::EnsureServerProcessIsRunning -- launch failed, reason: Unity was launched with the -noUpm command-line argument
[Package Manager] UpmClient::Send -- Unable to send message (not connected to UPM process).
[Package Manager] Cannot connect to Unity Package Manager local server
System.Reflection.TargetInvocationException: Exception has been thrown by the target of an invocation. ---> System.NullReferenceException: Object reference not set to an instance of an object
  at Unity.XR.Oculus.OculusLoader.AssetPathToAbsolutePath (System.String assetPath) [0x0003d] in .\Library\PackageCache\com.unity.xr.oculus@4.0.0\Runtime\OculusLoader.cs:282 
  at Unity.XR.Oculus.OculusLoader.EditorLoadOVRPlugin () [0x0007b] in .\Library\PackageCache\com.unity.xr.oculus@4.0.0\Runtime\OculusLoader.cs:267 
  at (wrapper managed-to-native) System.Reflection.RuntimeMethodInfo.InternalInvoke(System.Reflection.RuntimeMethodInfo,object,object[],System.Exception&)
  at System.Reflection.RuntimeMethodInfo.Invoke (System.Object obj, System.Reflection.BindingFlags invokeAttr, System.Reflection.Binder binder, System.Object[] parameters, System.Globalization.CultureInfo culture) [0x0006a] in <787acc3c9a4c471ba7d971300105af24>:0 
   --- End of inner exception stack trace ---
  at System.Reflection.RuntimeMethodInfo.Invoke (System.Object obj, System.Reflection.BindingFlags invokeAttr, System.Reflection.Binder binder, System.Object[] parameters, System.Globalization.CultureInfo culture) [0x00083] in <787acc3c9a4c471ba7d971300105af24>:0 
  at System.Reflection.MethodBase.Invoke (System.Object obj, System.Object[] parameters) [0x00000] in <787acc3c9a4c471ba7d971300105af24>:0 
  at UnityEditor.EditorAssemblies.ProcessInitializeOnLoadMethodAttributes () [0x000a5] in <fe7039efe678478d9c83e73bc6a6566d>:0 
UnityEngine.StackTraceUtility:ExtractStackTrace ()
UnityEngine.DebugLogHandler:LogFormat (UnityEngine.LogType,UnityEngine.Object,string,object[])
UnityEngine.Logger:Log (UnityEngine.LogType,object)
UnityEngine.Debug:LogError (object)
UnityEditor.EditorAssemblies:ProcessInitializeOnLoadMethodAttributes ()

Mono: successfully reloaded assembly
[Package Manager] Server::EnsureServerProcessIsRunning -- launch failed, reason: Unity was launched with the -noUpm command-line argument
[Package Manager] UpmClient::Send -- Unable to send message (not connected to UPM process).
[Package Manager] Cannot connect to Unity Package Manager local server
[Package Manager] Server::EnsureServerProcessIsRunning -- launch failed, reason: Unity was launched with the -noUpm command-line argument
[Package Manager] UpmClient::Send -- Unable to send message (not connected to UPM process).
[Package Manager] Cannot connect to Unity Package Manager local server
- Finished resetting the current domain, in  2.963 seconds
Domain Reload Profiling: 5343ms
	BeginReloadAssembly (402ms)
		ExecutionOrderSort (0ms)
		DisableScriptedObjects (14ms)
		BackupInstance (0ms)
		ReleaseScriptingObjects (0ms)
		CreateAndSetChildDomain (49ms)
	RebuildCommonClasses (105ms)
	RebuildNativeTypeToScriptingClass (34ms)
	initialDomainReloadingComplete (146ms)
	LoadAllAssembliesAndSetupDomain (1691ms)
		LoadAssemblies (1073ms)
		RebuildTransferFunctionScriptingTraits (0ms)
		AnalyzeDomain (858ms)
			TypeCache.Refresh (732ms)
				TypeCache.ScanAssembly (680ms)
			ScanForSourceGeneratedMonoScriptInfo (86ms)
			ResolveRequiredComponents (35ms)
	FinalizeReload (2965ms)
		ReleaseScriptCaches (0ms)
		RebuildScriptCaches (0ms)
		SetupLoadedEditorAssemblies (2427ms)
			LogAssemblyErrors (0ms)
			InitializePlatformSupportModulesInManaged (81ms)
			SetLoadedEditorAssemblies (12ms)
			RefreshPlugins (0ms)
			BeforeProcessingInitializeOnLoad (232ms)
			ProcessInitializeOnLoadAttributes (1866ms)
			ProcessInitializeOnLoadMethodAttributes (215ms)
			AfterProcessingInitializeOnLoad (21ms)
			EditorAssembliesLoaded (1ms)
		ExecutionOrderSort2 (0ms)
		AwakeInstancesAfterBackupRestoration (18ms)
Launched and connected shader compiler UnityShaderCompiler.exe after 0.13 seconds
Refreshing native plugins compatible for Editor in 57.51 ms, found 13 plugins.
Preloading 1 native plugins for Editor in 0.23 ms.
Unloading 6427 Unused Serialized files (Serialized files now loaded: 0)
Unloading 157 unused Assets / (1.4 MB). Loaded Objects now: 6887.
Memory consumption went from 235.4 MB to 234.0 MB.
Total: 16.629300 ms (FindLiveObjects: 1.281700 ms CreateObjectMapping: 1.219800 ms MarkObjects: 12.420300 ms  DeleteObjects: 1.704700 ms)

AssetImportParameters requested are different than current active one (requested -> active):
  custom:container-demuxer-ogg: 62fdf1f143b41e24485cea50d1cbac27 -> 
  custom:framework-win-MediaFoundation: 216162199b28c13a410421893ffa2e32 -> 
  custom:container-muxer-webm: aa71ff27fc2769a1b78a27578f13a17b -> 
  custom:video-decoder-webm-vp8: 9c59270c3fd7afecdb556c50c9e8de78 -> 
  custom:SearchIndexIgnoredProperties: e643bd26f0fe6173181afceb89e7c659 -> 
  custom:AudioImporter_EditorPlatform: d09bf68614088b80899f8185d706f6e7 -> 
  custom:audio-decoder-ogg-vorbis: bf7c407c2cedff20999df2af8eb42d56 -> 
  custom:audio-encoder-webm-vorbis: bf7c407c2cedff20999df2af8eb42d56 -> 
  custom:video-codec-MediaFoundation-h265: 746d11721c4dcdbdad8f713fa42b33f4 -> 
  custom:video-decoder-ogg-theora: a1e56fd34408186e4bbccfd4996cb3dc -> 
  custom:CustomObjectIndexerAttribute: a3ef5dd2817f97addfee359851a9dba5 -> 
  custom:container-demuxer-webm: 4f35f7cbe854078d1ac9338744f61a02 -> 
  custom:video-encoder-webm-vp8: eb34c28f22e8b96e1ab97ce403110664 -> 
========================================================================
Received Import Request.
  Time since last request: 242433.675738 seconds.
  path: Assets/Mini Toon Office/Prefabs/tiles prefabs/toon_office_door.prefab
  artifactKey: Guid(85bb36dacd5804745a0d8fc8e3b3b108) Importer(815301076,1909f56bfc062723c751e8b465ee728b)
Start importing Assets/Mini Toon Office/Prefabs/tiles prefabs/toon_office_door.prefab using Guid(85bb36dacd5804745a0d8fc8e3b3b108) Importer(815301076,1909f56bfc062723c751e8b465ee728b)  -> (artifact id: '06d66b6c20630b6e424958e1a8d60af4') in 1.107973 seconds
Number of updated asset objects reloaded before import = 0
Number of asset objects unloaded after import = 10
========================================================================
Received Import Request.
  Time since last request: 1.264696 seconds.
  path: Assets/Mini Toon Office/Prefabs/tiles prefabs/toon_office_tile_ground_low.prefab
  artifactKey: Guid(faa48f9f291554410aaca6b4a756ee9a) Importer(815301076,1909f56bfc062723c751e8b465ee728b)
Start importing Assets/Mini Toon Office/Prefabs/tiles prefabs/toon_office_tile_ground_low.prefab using Guid(faa48f9f291554410aaca6b4a756ee9a) Importer(815301076,1909f56bfc062723c751e8b465ee728b)  -> (artifact id: 'e324c593610a0de5a1e2a8ab52fdcce6') in 0.037566 seconds
Number of updated asset objects reloaded before import = 0
Number of asset objects unloaded after import = 10
========================================================================
Received Import Request.
  Time since last request: 5.236169 seconds.
  path: Assets/Mini Toon Office/Prefabs/props prefabs/toon_office_board.prefab
  artifactKey: Guid(cd6fb14eee4254287b5f2cb8ecc8e5db) Importer(815301076,1909f56bfc062723c751e8b465ee728b)
Start importing Assets/Mini Toon Office/Prefabs/props prefabs/toon_office_board.prefab using Guid(cd6fb14eee4254287b5f2cb8ecc8e5db) Importer(815301076,1909f56bfc062723c751e8b465ee728b)  -> (artifact id: 'd39dc973d7ed964e467420ff6ce983a4') in 0.036176 seconds
Number of updated asset objects reloaded before import = 0
Number of asset objects unloaded after import = 10
========================================================================
Received Import Request.
  Time since last request: 5.849909 seconds.
  path: Assets/Mini Toon Office/Prefabs/props prefabs/toon_office_book.prefab
  artifactKey: Guid(2ac7e6eb682174e7f8af567817914142) Importer(815301076,1909f56bfc062723c751e8b465ee728b)
Start importing Assets/Mini Toon Office/Prefabs/props prefabs/toon_office_book.prefab using Guid(2ac7e6eb682174e7f8af567817914142) Importer(815301076,1909f56bfc062723c751e8b465ee728b)  -> (artifact id: 'adc274308368f5de94bcd400667c4c62') in 0.034711 seconds
Number of updated asset objects reloaded before import = 0
Number of asset objects unloaded after import = 17
========================================================================
Received Import Request.
  Time since last request: 0.712949 seconds.
  path: Assets/Mini Toon Office/Prefabs/props prefabs/toon_office_cabinet.prefab
  artifactKey: Guid(436d6c6ad13444243927518c3405f6ea) Importer(815301076,1909f56bfc062723c751e8b465ee728b)
Start importing Assets/Mini Toon Office/Prefabs/props prefabs/toon_office_cabinet.prefab using Guid(436d6c6ad13444243927518c3405f6ea) Importer(815301076,1909f56bfc062723c751e8b465ee728b)  -> (artifact id: 'f98a977cb087ca9bfee72e852930d9c6') in 0.037011 seconds
Number of updated asset objects reloaded before import = 0
Number of asset objects unloaded after import = 10
========================================================================
Received Import Request.
  Time since last request: 1.525648 seconds.
  path: Assets/Mini Toon Office/Prefabs/props prefabs/toon_office_chair.prefab
  artifactKey: Guid(d8e62113aeeee43d183ac5185ed7cb83) Importer(815301076,1909f56bfc062723c751e8b465ee728b)
Start importing Assets/Mini Toon Office/Prefabs/props prefabs/toon_office_chair.prefab using Guid(d8e62113aeeee43d183ac5185ed7cb83) Importer(815301076,1909f56bfc062723c751e8b465ee728b)  -> (artifact id: '6cf01f31a8cadfa2d1e0c74c8fe67ee6') in 0.037727 seconds
Number of updated asset objects reloaded before import = 0
Number of asset objects unloaded after import = 10
========================================================================
Received Import Request.
  Time since last request: 1.587324 seconds.
  path: Assets/Mini Toon Office/Prefabs/props prefabs/toon_office_cup.prefab
  artifactKey: Guid(4ff5a917ee05d4e27a188b977e58d326) Importer(815301076,1909f56bfc062723c751e8b465ee728b)
Start importing Assets/Mini Toon Office/Prefabs/props prefabs/toon_office_cup.prefab using Guid(4ff5a917ee05d4e27a188b977e58d326) Importer(815301076,1909f56bfc062723c751e8b465ee728b)  -> (artifact id: 'd710b059ffe222aa49c263182d576b93') in 0.046526 seconds
Number of updated asset objects reloaded before import = 0
Number of asset objects unloaded after import = 10
========================================================================
Received Import Request.
  Time since last request: 3.648029 seconds.
  path: Assets/Mini Toon Office/Prefabs/props prefabs/toon_office_desk.prefab
  artifactKey: Guid(4d0f11df00a954898acb314f59db9866) Importer(815301076,1909f56bfc062723c751e8b465ee728b)
Start importing Assets/Mini Toon Office/Prefabs/props prefabs/toon_office_desk.prefab using Guid(4d0f11df00a954898acb314f59db9866) Importer(815301076,1909f56bfc062723c751e8b465ee728b)  -> (artifact id: '034d0429847eb69606869685583e6a6c') in 0.036131 seconds
Number of updated asset objects reloaded before import = 0
Number of asset objects unloaded after import = 10
========================================================================
Received Import Request.
  Time since last request: 1.887531 seconds.
  path: Assets/Mini Toon Office/Prefabs/props prefabs/toon_office_notepad.prefab
  artifactKey: Guid(0ead29c770bf744edb5d1bb35396fd9a) Importer(815301076,1909f56bfc062723c751e8b465ee728b)
Start importing Assets/Mini Toon Office/Prefabs/props prefabs/toon_office_notepad.prefab using Guid(0ead29c770bf744edb5d1bb35396fd9a) Importer(815301076,1909f56bfc062723c751e8b465ee728b)  -> (artifact id: 'cf068ea85f467591eeadb95fab030b04') in 0.041269 seconds
Number of updated asset objects reloaded before import = 0
Number of asset objects unloaded after import = 17
========================================================================
Received Import Request.
  Time since last request: 2.369292 seconds.
  path: Assets/Mini Toon Office/Prefabs/props prefabs/toon_office_pilot_blue.prefab
  artifactKey: Guid(3a8cf12175ae6400dab162dff4927dc4) Importer(815301076,1909f56bfc062723c751e8b465ee728b)
Start importing Assets/Mini Toon Office/Prefabs/props prefabs/toon_office_pilot_blue.prefab using Guid(3a8cf12175ae6400dab162dff4927dc4) Importer(815301076,1909f56bfc062723c751e8b465ee728b)  -> (artifact id: '886ac7fdaf8040a30d9a7d99dbdd8fd3') in 0.036152 seconds
Number of updated asset objects reloaded before import = 0
Number of asset objects unloaded after import = 10
========================================================================
Received Import Request.
  Time since last request: 6.712013 seconds.
  path: Assets/Mini Toon Office/Prefabs/props prefabs/toon_office_pilot_red.prefab
  artifactKey: Guid(f13b72967b20549d5aff589765bc47c2) Importer(815301076,1909f56bfc062723c751e8b465ee728b)
Start importing Assets/Mini Toon Office/Prefabs/props prefabs/toon_office_pilot_red.prefab using Guid(f13b72967b20549d5aff589765bc47c2) Importer(815301076,1909f56bfc062723c751e8b465ee728b)  -> (artifact id: '727577cf7cf4c26af62ae029e4966c64') in 0.034279 seconds
Number of updated asset objects reloaded before import = 0
Number of asset objects unloaded after import = 10
========================================================================
Received Import Request.
  Time since last request: 0.786146 seconds.
  path: Assets/Mini Toon Office/Prefabs/props prefabs/toon_office_shelf.prefab
  artifactKey: Guid(c6a74e87f5c7347a09e0ce6ff9643e10) Importer(815301076,1909f56bfc062723c751e8b465ee728b)
Start importing Assets/Mini Toon Office/Prefabs/props prefabs/toon_office_shelf.prefab using Guid(c6a74e87f5c7347a09e0ce6ff9643e10) Importer(815301076,1909f56bfc062723c751e8b465ee728b)  -> (artifact id: 'f303861ab503cd3de097d6dff5b1f5a1') in 0.035165 seconds
Number of updated asset objects reloaded before import = 0
Number of asset objects unloaded after import = 10
========================================================================
Received Import Request.
  Time since last request: 4.510508 seconds.
  path: Assets/Mini Toon Office/Prefabs/props prefabs/toon_office_trashbin.prefab
  artifactKey: Guid(ecf1977f578304690ac5aa8eec474446) Importer(815301076,1909f56bfc062723c751e8b465ee728b)
Start importing Assets/Mini Toon Office/Prefabs/props prefabs/toon_office_trashbin.prefab using Guid(ecf1977f578304690ac5aa8eec474446) Importer(815301076,1909f56bfc062723c751e8b465ee728b)  -> (artifact id: 'ac4cd96fa1495dd9c27e4cb4b85d7393') in 0.031849 seconds
Number of updated asset objects reloaded before import = 0
Number of asset objects unloaded after import = 10
========================================================================
Received Import Request.
  Time since last request: 2.386012 seconds.
  path: Assets/Mini Toon Office/Prefabs/props prefabs/toon_office_vase.prefab
  artifactKey: Guid(74da833b5bb7c425390b7e2f8e7dbbe8) Importer(815301076,1909f56bfc062723c751e8b465ee728b)
Start importing Assets/Mini Toon Office/Prefabs/props prefabs/toon_office_vase.prefab using Guid(74da833b5bb7c425390b7e2f8e7dbbe8) Importer(815301076,1909f56bfc062723c751e8b465ee728b)  -> (artifact id: 'c88e2acccdd3d9013ed34e2165ac5873') in 0.033858 seconds
Number of updated asset objects reloaded before import = 0
Number of asset objects unloaded after import = 17
========================================================================
Received Import Request.
  Time since last request: 3.715235 seconds.
  path: Assets/Mini Toon Office/Prefabs/props prefabs/toon_office_water_drinker.prefab
  artifactKey: Guid(63592b06c95d24828ac0c0891a5cb176) Importer(815301076,1909f56bfc062723c751e8b465ee728b)
Start importing Assets/Mini Toon Office/Prefabs/props prefabs/toon_office_water_drinker.prefab using Guid(63592b06c95d24828ac0c0891a5cb176) Importer(815301076,1909f56bfc062723c751e8b465ee728b)  -> (artifact id: 'a068533b075bd6203e97dca50e9587bb') in 0.030260 seconds
Number of updated asset objects reloaded before import = 0
Number of asset objects unloaded after import = 17
========================================================================
Received Import Request.
  Time since last request: 11.600030 seconds.
  path: Assets/Mini Toon Office/Prefabs/props prefabs/toon_office_water_drinker.prefab
  artifactKey: Guid(63592b06c95d24828ac0c0891a5cb176) Importer(815301076,1909f56bfc062723c751e8b465ee728b)
Start importing Assets/Mini Toon Office/Prefabs/props prefabs/toon_office_water_drinker.prefab using Guid(63592b06c95d24828ac0c0891a5cb176) Importer(815301076,1909f56bfc062723c751e8b465ee728b)  -> (artifact id: 'a731a0b2fd0e3dd5e8f89232a84b66a5') in 0.021925 seconds
Number of updated asset objects reloaded before import = 0
Number of asset objects unloaded after import = 17
